<?xml version="1.0" encoding="UTF-8"?>
<!-- Generated by org.testng.reporters.JUnitXMLReporter -->
<testsuite hostname="Neupane-PC" name="Default test" tests="3" failures="0" timestamp="16 May 2018 21:26:05 GMT" time="21.76" errors="0">
  <testcase name="tc_MultipleCheckBox_Checked" time="1.016" classname="testRunner.TC_CheckBox1"/>
  <testcase name="tc_MultipleCheckBox_Unchecked" time="0.895" classname="testRunner.TC_CheckBox1"/>
  <testcase name="tc_singleCheckBox" time="0.585" classname="testRunner.TC_CheckBox1"/>
</testsuite> <!-- Default test -->
