<?xml version="1.0" encoding="UTF-8"?>
<!-- Generated by org.testng.reporters.JUnitXMLReporter -->
<testsuite hostname="Neupane-PC" name="Regression Testing" tests="2" failures="0" timestamp="9 May 2018 15:11:08 GMT" time="14.218" errors="0">
  <testcase name="tc_clickingLendingButton" time="0.351" classname="testRunner.SC_ClickingLendingHomeButton"/>
  <testcase name="tc_clickingBankingButton" time="4.106" classname="testRunner.SC_ClickingButtonOnHomepage"/>
</testsuite> <!-- Regression Testing -->
