<?xml version="1.0" encoding="UTF-8"?>
<!-- Generated by org.testng.reporters.JUnitXMLReporter -->
<testsuite hostname="Neupane-PC" name="Selenium Easy" tests="6" failures="0" timestamp="6 Jun 2018 00:42:03 GMT" time="26.696" errors="0">
  <testcase name="tc_SingleInputField" time="0.627" classname="testRunner.TC_SingleInputField"/>
  <testcase name="tc_twoInputFields" time="0.547" classname="testRunner.TC_TwoInputField"/>
  <testcase name="tc_MultipleCheckBox_Checked" time="0.55" classname="testRunner.TC_CheckBox1"/>
  <testcase name="tc_MultipleCheckBox_Unchecked" time="0.582" classname="testRunner.TC_CheckBox1"/>
  <testcase name="tc_singleCheckBox" time="0.262" classname="testRunner.TC_CheckBox1"/>
  <testcase name="loginTest" time="0.0" classname="testRunner.FacebookLoginFeature">
    <skipped/>
  </testcase> <!-- loginTest -->
</testsuite> <!-- Selenium Easy -->
