<?xml version="1.0" encoding="UTF-8"?>
<testng-results skipped="5" failed="0" total="5" passed="0">
  <reporter-output>
  </reporter-output>
  <suite name="Default suite" duration-ms="390" started-at="2018-06-07T00:09:06Z" finished-at="2018-06-07T00:09:07Z">
    <groups>
    </groups>
    <test name="Default test" duration-ms="390" started-at="2018-06-07T00:09:06Z" finished-at="2018-06-07T00:09:07Z">
      <class name="testRunner.FacebookLoginFeature">
        <test-method status="FAIL" signature="beforeMethod()[pri:0, instance:testRunner.FacebookLoginFeature@4678c730]" name="beforeMethod" is-config="true" duration-ms="0" started-at="2018-06-06T20:09:06Z" finished-at="2018-06-06T20:09:06Z">
          <exception class="java.lang.IllegalStateException">
            <message>
              <![CDATA[The driver is not executable: /home/bishnu/git/SeleniumTest/resources/chromedriver_linux.exe]]>
            </message>
            <full-stacktrace>
              <![CDATA[java.lang.IllegalStateException: The driver is not executable: /home/bishnu/git/SeleniumTest/resources/chromedriver_linux.exe
	at com.google.common.base.Preconditions.checkState(Preconditions.java:585)
	at org.openqa.selenium.remote.service.DriverService.checkExecutable(DriverService.java:140)
	at org.openqa.selenium.remote.service.DriverService.findExecutable(DriverService.java:131)
	at org.openqa.selenium.chrome.ChromeDriverService.access$000(ChromeDriverService.java:32)
	at org.openqa.selenium.chrome.ChromeDriverService$Builder.findDefaultExecutable(ChromeDriverService.java:137)
	at org.openqa.selenium.remote.service.DriverService$Builder.build(DriverService.java:339)
	at org.openqa.selenium.chrome.ChromeDriverService.createDefaultService(ChromeDriverService.java:88)
	at org.openqa.selenium.chrome.ChromeDriver.<init>(ChromeDriver.java:123)
	at testRunner.DriverProvider.chromeDriver(DriverProvider.java:18)
	at testRunner.FacebookLoginFeature.beforeMethod(FacebookLoginFeature.java:36)
	at sun.reflect.NativeMethodAccessorImpl.invoke0(Native Method)
	at sun.reflect.NativeMethodAccessorImpl.invoke(NativeMethodAccessorImpl.java:62)
	at sun.reflect.DelegatingMethodAccessorImpl.invoke(DelegatingMethodAccessorImpl.java:43)
	at java.lang.reflect.Method.invoke(Method.java:498)
	at org.testng.internal.MethodInvocationHelper.invokeMethod(MethodInvocationHelper.java:86)
	at org.testng.internal.Invoker.invokeConfigurationMethod(Invoker.java:514)
	at org.testng.internal.Invoker.invokeConfigurations(Invoker.java:215)
	at org.testng.internal.Invoker.invokeMethod(Invoker.java:589)
	at org.testng.internal.Invoker.invokeTestMethod(Invoker.java:820)
	at org.testng.internal.Invoker.invokeTestMethods(Invoker.java:1128)
	at org.testng.internal.TestMethodWorker.invokeTestMethods(TestMethodWorker.java:129)
	at org.testng.internal.TestMethodWorker.run(TestMethodWorker.java:112)
	at org.testng.TestRunner.privateRun(TestRunner.java:782)
	at org.testng.TestRunner.run(TestRunner.java:632)
	at org.testng.SuiteRunner.runTest(SuiteRunner.java:366)
	at org.testng.SuiteRunner.runSequentially(SuiteRunner.java:361)
	at org.testng.SuiteRunner.privateRun(SuiteRunner.java:319)
	at org.testng.SuiteRunner.run(SuiteRunner.java:268)
	at org.testng.SuiteRunnerWorker.runSuite(SuiteRunnerWorker.java:52)
	at org.testng.SuiteRunnerWorker.run(SuiteRunnerWorker.java:86)
	at org.testng.TestNG.runSuitesSequentially(TestNG.java:1244)
	at org.testng.TestNG.runSuitesLocally(TestNG.java:1169)
	at org.testng.TestNG.run(TestNG.java:1064)
	at org.testng.remote.AbstractRemoteTestNG.run(AbstractRemoteTestNG.java:114)
	at org.testng.remote.RemoteTestNG.initAndRun(RemoteTestNG.java:251)
	at org.testng.remote.RemoteTestNG.main(RemoteTestNG.java:77)
]]>
            </full-stacktrace>
          </exception> <!-- java.lang.IllegalStateException -->
          <reporter-output>
          </reporter-output>
        </test-method> <!-- beforeMethod -->
        <test-method status="SKIP" signature="loginTest(java.lang.String, java.lang.String)[pri:0, instance:testRunner.FacebookLoginFeature@4678c730]" name="loginTest" duration-ms="1" started-at="2018-06-06T20:09:07Z" data-provider="excelSheet" finished-at="2018-06-06T20:09:07Z">
          <params>
            <param index="0">
              <value>
                <![CDATA[UserName]]>
              </value>
            </param>
            <param index="1">
              <value>
                <![CDATA[Password]]>
              </value>
            </param>
          </params>
          <reporter-output>
          </reporter-output>
        </test-method> <!-- loginTest -->
        <test-method status="SKIP" signature="afterMethod()[pri:0, instance:testRunner.FacebookLoginFeature@4678c730]" name="afterMethod" is-config="true" duration-ms="0" started-at="2018-06-06T20:09:07Z" finished-at="2018-06-06T20:09:07Z">
          <reporter-output>
          </reporter-output>
        </test-method> <!-- afterMethod -->
        <test-method status="SKIP" signature="beforeMethod()[pri:0, instance:testRunner.FacebookLoginFeature@4678c730]" name="beforeMethod" is-config="true" duration-ms="0" started-at="2018-06-06T20:09:07Z" finished-at="2018-06-06T20:09:07Z">
          <reporter-output>
          </reporter-output>
        </test-method> <!-- beforeMethod -->
        <test-method status="SKIP" signature="loginTest(java.lang.String, java.lang.String)[pri:0, instance:testRunner.FacebookLoginFeature@4678c730]" name="loginTest" duration-ms="1" started-at="2018-06-06T20:09:07Z" data-provider="excelSheet" finished-at="2018-06-06T20:09:07Z">
          <params>
            <param index="0">
              <value>
                <![CDATA[xiuann]]>
              </value>
            </param>
            <param index="1">
              <value>
                <![CDATA[Silversurfer9!1]]>
              </value>
            </param>
          </params>
          <reporter-output>
          </reporter-output>
        </test-method> <!-- loginTest -->
        <test-method status="SKIP" signature="afterMethod()[pri:0, instance:testRunner.FacebookLoginFeature@4678c730]" name="afterMethod" is-config="true" duration-ms="0" started-at="2018-06-06T20:09:07Z" finished-at="2018-06-06T20:09:07Z">
          <reporter-output>
          </reporter-output>
        </test-method> <!-- afterMethod -->
        <test-method status="SKIP" signature="beforeMethod()[pri:0, instance:testRunner.FacebookLoginFeature@4678c730]" name="beforeMethod" is-config="true" duration-ms="0" started-at="2018-06-06T20:09:07Z" finished-at="2018-06-06T20:09:07Z">
          <reporter-output>
          </reporter-output>
        </test-method> <!-- beforeMethod -->
        <test-method status="SKIP" signature="loginTest(java.lang.String, java.lang.String)[pri:0, instance:testRunner.FacebookLoginFeature@4678c730]" name="loginTest" duration-ms="1" started-at="2018-06-06T20:09:07Z" data-provider="excelSheet" finished-at="2018-06-06T20:09:07Z">
          <params>
            <param index="0">
              <value>
                <![CDATA[Jeevan]]>
              </value>
            </param>
            <param index="1">
              <value>
                <![CDATA[Neupane]]>
              </value>
            </param>
          </params>
          <reporter-output>
          </reporter-output>
        </test-method> <!-- loginTest -->
        <test-method status="SKIP" signature="afterMethod()[pri:0, instance:testRunner.FacebookLoginFeature@4678c730]" name="afterMethod" is-config="true" duration-ms="0" started-at="2018-06-06T20:09:07Z" finished-at="2018-06-06T20:09:07Z">
          <reporter-output>
          </reporter-output>
        </test-method> <!-- afterMethod -->
        <test-method status="SKIP" signature="beforeMethod()[pri:0, instance:testRunner.FacebookLoginFeature@4678c730]" name="beforeMethod" is-config="true" duration-ms="0" started-at="2018-06-06T20:09:07Z" finished-at="2018-06-06T20:09:07Z">
          <reporter-output>
          </reporter-output>
        </test-method> <!-- beforeMethod -->
        <test-method status="SKIP" signature="loginTest(java.lang.String, java.lang.String)[pri:0, instance:testRunner.FacebookLoginFeature@4678c730]" name="loginTest" duration-ms="2" started-at="2018-06-06T20:09:07Z" data-provider="excelSheet" finished-at="2018-06-06T20:09:07Z">
          <params>
            <param index="0">
              <value>
                <![CDATA[Hello]]>
              </value>
            </param>
            <param index="1">
              <value>
                <![CDATA[World]]>
              </value>
            </param>
          </params>
          <reporter-output>
          </reporter-output>
        </test-method> <!-- loginTest -->
        <test-method status="SKIP" signature="afterMethod()[pri:0, instance:testRunner.FacebookLoginFeature@4678c730]" name="afterMethod" is-config="true" duration-ms="0" started-at="2018-06-06T20:09:07Z" finished-at="2018-06-06T20:09:07Z">
          <reporter-output>
          </reporter-output>
        </test-method> <!-- afterMethod -->
        <test-method status="SKIP" signature="beforeMethod()[pri:0, instance:testRunner.FacebookLoginFeature@4678c730]" name="beforeMethod" is-config="true" duration-ms="0" started-at="2018-06-06T20:09:07Z" finished-at="2018-06-06T20:09:07Z">
          <reporter-output>
          </reporter-output>
        </test-method> <!-- beforeMethod -->
        <test-method status="SKIP" signature="loginTest(java.lang.String, java.lang.String)[pri:0, instance:testRunner.FacebookLoginFeature@4678c730]" name="loginTest" duration-ms="1" started-at="2018-06-06T20:09:07Z" data-provider="excelSheet" finished-at="2018-06-06T20:09:07Z">
          <params>
            <param index="0">
              <value>
                <![CDATA[Hellen ]]>
              </value>
            </param>
            <param index="1">
              <value>
                <![CDATA[Kelly]]>
              </value>
            </param>
          </params>
          <reporter-output>
          </reporter-output>
        </test-method> <!-- loginTest -->
        <test-method status="SKIP" signature="afterMethod()[pri:0, instance:testRunner.FacebookLoginFeature@4678c730]" name="afterMethod" is-config="true" duration-ms="0" started-at="2018-06-06T20:09:07Z" finished-at="2018-06-06T20:09:07Z">
          <reporter-output>
          </reporter-output>
        </test-method> <!-- afterMethod -->
      </class> <!-- testRunner.FacebookLoginFeature -->
    </test> <!-- Default test -->
  </suite> <!-- Default suite -->
</testng-results>
