<?xml version="1.0" encoding="UTF-8"?>
<testng-results skipped="0" failed="0" total="3" passed="3">
  <reporter-output>
  </reporter-output>
  <suite name="Default suite" duration-ms="21760" started-at="2018-05-16T21:25:43Z" finished-at="2018-05-16T21:26:05Z">
    <groups>
      <group name="SeleniumEasy">
        <method signature="TC_CheckBox1.tc_MultipleCheckBox_Checked()[pri:0, instance:testRunner.TC_CheckBox1@36d4b5c]" name="tc_MultipleCheckBox_Checked" class="testRunner.TC_CheckBox1"/>
        <method signature="TC_CheckBox1.tc_MultipleCheckBox_Unchecked()[pri:0, instance:testRunner.TC_CheckBox1@36d4b5c]" name="tc_MultipleCheckBox_Unchecked" class="testRunner.TC_CheckBox1"/>
        <method signature="TC_CheckBox1.tc_singleCheckBox()[pri:0, instance:testRunner.TC_CheckBox1@36d4b5c]" name="tc_singleCheckBox" class="testRunner.TC_CheckBox1"/>
      </group> <!-- SeleniumEasy -->
    </groups>
    <test name="Default test" duration-ms="21760" started-at="2018-05-16T21:25:43Z" finished-at="2018-05-16T21:26:05Z">
      <class name="testRunner.TC_CheckBox1">
        <test-method status="PASS" signature="beforeMethod()[pri:0, instance:testRunner.TC_CheckBox1@36d4b5c]" name="beforeMethod" is-config="true" duration-ms="8845" started-at="2018-05-16T17:25:43Z" finished-at="2018-05-16T17:25:52Z">
          <reporter-output>
          </reporter-output>
        </test-method> <!-- beforeMethod -->
        <test-method status="PASS" signature="tc_MultipleCheckBox_Checked()[pri:0, instance:testRunner.TC_CheckBox1@36d4b5c]" name="tc_MultipleCheckBox_Checked" duration-ms="1016" started-at="2018-05-16T17:25:52Z" description="Test_To_Check_MultipleCheckBox_AllChecked" finished-at="2018-05-16T17:25:53Z">
          <reporter-output>
          </reporter-output>
        </test-method> <!-- tc_MultipleCheckBox_Checked -->
        <test-method status="PASS" signature="afterMethod()[pri:0, instance:testRunner.TC_CheckBox1@36d4b5c]" name="afterMethod" is-config="true" duration-ms="266" started-at="2018-05-16T17:25:53Z" finished-at="2018-05-16T17:25:54Z">
          <reporter-output>
          </reporter-output>
        </test-method> <!-- afterMethod -->
        <test-method status="PASS" signature="beforeMethod()[pri:0, instance:testRunner.TC_CheckBox1@36d4b5c]" name="beforeMethod" is-config="true" duration-ms="4694" started-at="2018-05-16T17:25:54Z" finished-at="2018-05-16T17:25:58Z">
          <reporter-output>
          </reporter-output>
        </test-method> <!-- beforeMethod -->
        <test-method status="PASS" signature="tc_MultipleCheckBox_Unchecked()[pri:0, instance:testRunner.TC_CheckBox1@36d4b5c]" name="tc_MultipleCheckBox_Unchecked" duration-ms="895" started-at="2018-05-16T17:25:58Z" description="Test_To_Check_MultipleCheckBox_UnChecked" finished-at="2018-05-16T17:25:59Z">
          <reporter-output>
          </reporter-output>
        </test-method> <!-- tc_MultipleCheckBox_Unchecked -->
        <test-method status="PASS" signature="afterMethod()[pri:0, instance:testRunner.TC_CheckBox1@36d4b5c]" name="afterMethod" is-config="true" duration-ms="298" started-at="2018-05-16T17:25:59Z" finished-at="2018-05-16T17:25:59Z">
          <reporter-output>
          </reporter-output>
        </test-method> <!-- afterMethod -->
        <test-method status="PASS" signature="beforeMethod()[pri:0, instance:testRunner.TC_CheckBox1@36d4b5c]" name="beforeMethod" is-config="true" duration-ms="4858" started-at="2018-05-16T17:25:59Z" finished-at="2018-05-16T17:26:04Z">
          <reporter-output>
          </reporter-output>
        </test-method> <!-- beforeMethod -->
        <test-method status="PASS" signature="tc_singleCheckBox()[pri:0, instance:testRunner.TC_CheckBox1@36d4b5c]" name="tc_singleCheckBox" duration-ms="585" started-at="2018-05-16T17:26:04Z" description="Test_For_Single_CheckBox" finished-at="2018-05-16T17:26:05Z">
          <reporter-output>
          </reporter-output>
        </test-method> <!-- tc_singleCheckBox -->
        <test-method status="PASS" signature="afterMethod()[pri:0, instance:testRunner.TC_CheckBox1@36d4b5c]" name="afterMethod" is-config="true" duration-ms="276" started-at="2018-05-16T17:26:05Z" finished-at="2018-05-16T17:26:05Z">
          <reporter-output>
          </reporter-output>
        </test-method> <!-- afterMethod -->
      </class> <!-- testRunner.TC_CheckBox1 -->
    </test> <!-- Default test -->
  </suite> <!-- Default suite -->
</testng-results>
